Arguments: 
  C:\Program Files\nodejs\node.exe C:\Program Files (x86)\Yarn\bin\yarn.js install

PATH: 
  C:\Program Files (x86)\Common Files\Oracle\Java\javapath;C:\Windows\system32;C:\Windows;C:\Windows\System32\Wbem;C:\Windows\System32\WindowsPowerShell\v1.0\;C:\Windows\System32\OpenSSH\;C:\Program Files\NVIDIA Corporation\NVIDIA NvDLISR;C:\Program Files\Git\cmd;C:\Program Files (x86)\Yarn\bin\;C:\Users\Shalitha\AppData\Local\Programs\Python\Python36;%JAVA_HOME%\bin;C:\Users\Shalitha\AppData\Local\Android\Sdk\platform-tools;C:\Gradle\gradle-6.3\bin;C:\Program Files\nodejs\;C:\Program Files\MongoDB\Server\4.2\bin\;C:\Users\Shalitha\miniconda3;C:\Users\Shalitha\miniconda3\Library\mingw-w64\bin;C:\Users\Shalitha\miniconda3\Library\usr\bin;C:\Users\Shalitha\miniconda3\Library\bin;C:\Users\Shalitha\miniconda3\Scripts;C:\Users\Shalitha\AppData\Local\Microsoft\WindowsApps;C:\Users\Shalitha\AppData\Local\Yarn\bin;C:\Users\Shalitha\AppData\Local\Programs\Microsoft VS Code\bin;C:\Program Files\Docker Toolbox;C:\Users\Shalitha\AppData\Roaming\npm

Yarn version: 
  1.22.0

Node version: 
  12.16.1

Platform: 
  win32 x64

Trace: 
  Error: connect EHOSTUNREACH 104.16.18.35:443
      at TCPConnectWrap.afterConnect [as oncomplete] (net.js:1137:16)

npm manifest: 
  {
    "main": "node_modules/expo/AppEntry.js",
    "scripts": {
      "start": "expo start",
      "android": "expo start --android",
      "ios": "expo start --ios",
      "web": "expo start --web",
      "eject": "expo eject"
    },
    "dependencies": {
      "expo": "~37.0.3",
      "react": "~16.9.0",
      "react-dom": "~16.9.0",
      "react-native": "https://github.com/expo/react-native/archive/sdk-37.0.1.tar.gz",
      "react-native-web": "~0.11.7"
    },
    "devDependencies": {
      "babel-preset-expo": "~8.1.0",
      "@babel/core": "^7.8.6"
    },
    "private": true
  }

yarn manifest: 
  No manifest

Lockfile: 
  No lockfile
